Построение начато 11.04.2014 4:26:18.
     1>Проект "C:\study\4 семестр\programming\Cones\Cones\Cones.vcxproj" в узле 2 (целевые объекты build).
     1>InitializeBuildStatus:
         Создание "Debug\Cones.unsuccessfulbuild", так как было задано "AlwaysCreate".
       ClCompile:
         C:\Program Files (x86)\Microsoft Visual Studio 10.0\VC\bin\CL.exe /c /ZI /nologo /W3 /WX- /Od /Oy- /D _MBCS /Gm /EHsc /RTC1 /MDd /GS /fp:precise /Zc:wchar_t /Zc:forScope /Fo"Debug\\" /Fd"Debug\vc100.pdb" /Gd /TP /analyze- /errorReport:prompt main.cpp
         main.cpp
     1>c:\study\4 семестр\programming\cones\cones\main.cpp(153): warning C4018: <: несоответствие типов со знаком и без знака
     1>c:\study\4 семестр\programming\cones\cones\main.cpp(174): warning C4018: <: несоответствие типов со знаком и без знака
       Link:
         C:\Program Files (x86)\Microsoft Visual Studio 10.0\VC\bin\link.exe /ERRORREPORT:PROMPT /OUT:"C:\study\4 семестр\programming\Cones\Debug\Cones.exe" /NOLOGO kernel32.lib user32.lib gdi32.lib winspool.lib comdlg32.lib advapi32.lib shell32.lib ole32.lib oleaut32.lib uuid.lib odbc32.lib odbccp32.lib /MANIFEST /ManifestFile:"Debug\Cones.exe.intermediate.manifest" /MANIFESTUAC:"level='asInvoker' uiAccess='false'" /DEBUG /PDB:"C:\study\4 семестр\programming\Cones\Debug\Cones.pdb" /TLBID:1 /DYNAMICBASE /NXCOMPAT /IMPLIB:"C:\study\4 семестр\programming\Cones\Debug\Cones.lib" /MACHINE:X86 Debug\main.obj
         LINK : не найден или не выполнена сборка C:\study\4 семестр\programming\Cones\Debug\Cones.exe при последней инкрементной компоновке; выполняется полная компоновка
         Cones.vcxproj -> C:\study\4 семестр\programming\Cones\Debug\Cones.exe
       Manifest:
         C:\Program Files (x86)\Microsoft SDKs\Windows\v7.0A\bin\mt.exe /nologo /verbose /outputresource:"C:\study\4 семестр\programming\Cones\Debug\Cones.exe;#1" /manifest Debug\Cones.exe.intermediate.manifest
       FinalizeBuildStatus:
         Файл "Debug\Cones.unsuccessfulbuild" удаляется.
         Обращение к "Debug\Cones.lastbuildstate".
     1>Построение проекта "C:\study\4 семестр\programming\Cones\Cones\Cones.vcxproj" завершено (целевые объекты build).

Построение успешно завершено.

Затраченное время: 00:00:02.69
